<?xml version="1.0" encoding="UTF-8"?>
<!-- Generated by org.testng.reporters.JUnitXMLReporter -->
<testsuite ignored="0" hostname="Sanjog-PC" failures="0" tests="2" name="Default test" time="0.116" errors="0" timestamp="2022-09-14T10:09:49 IST">
  <testcase classname="tempTestPack.TestNgTestClass" name="@BeforeTest launchBrowser" time="-1.663130388677E9">
    <failure type="org.testng.TestNGException" message="
Parameter &amp;apos;browser&amp;apos; is required by BeforeTest on method launchBrowser but has not been marked @Optional or defined
in C:\Users\Sanjog\AppData\Local\Temp\testng-eclipse--1624719777\testng-customsuite.xml">
      <![CDATA[org.testng.TestNGException: 
Parameter 'browser' is required by BeforeTest on method launchBrowser but has not been marked @Optional or defined
in C:\Users\Sanjog\AppData\Local\Temp\testng-eclipse--1624719777\testng-customsuite.xml
at org.testng.internal.Parameters.createParams(Parameters.java:270)
at org.testng.internal.Parameters.createParametersForMethod(Parameters.java:358)
at org.testng.internal.Parameters.createParameters(Parameters.java:700)
at org.testng.internal.Parameters.createConfigurationParameters(Parameters.java:168)
at org.testng.internal.ConfigInvoker.invokeConfigurations(ConfigInvoker.java:302)
at org.testng.TestRunner.invokeTestConfigurations(TestRunner.java:637)
at org.testng.TestRunner.beforeRun(TestRunner.java:627)
at org.testng.TestRunner.run(TestRunner.java:589)
at org.testng.SuiteRunner.runTest(SuiteRunner.java:377)
at org.testng.SuiteRunner.runSequentially(SuiteRunner.java:371)
at org.testng.SuiteRunner.privateRun(SuiteRunner.java:332)
at org.testng.SuiteRunner.run(SuiteRunner.java:276)
at org.testng.SuiteRunnerWorker.runSuite(SuiteRunnerWorker.java:53)
at org.testng.SuiteRunnerWorker.run(SuiteRunnerWorker.java:96)
at org.testng.TestNG.runSuitesSequentially(TestNG.java:1212)
at org.testng.TestNG.runSuitesLocally(TestNG.java:1134)
at org.testng.TestNG.runSuites(TestNG.java:1063)
at org.testng.TestNG.run(TestNG.java:1031)
at org.testng.remote.AbstractRemoteTestNG.run(AbstractRemoteTestNG.java:115)
at org.testng.remote.RemoteTestNG.initAndRun(RemoteTestNG.java:251)
at org.testng.remote.RemoteTestNG.main(RemoteTestNG.java:77)
]]>
    </failure>
  </testcase> <!-- @BeforeTest launchBrowser -->
  <testcase classname="tempTestPack.TestNgTestClass" name="@BeforeClass beforeClass" time="-1.663130388751E9">
    <skipped/>
  </testcase> <!-- @BeforeClass beforeClass -->
  <testcase classname="tempTestPack.TestNgTestClass" name="@BeforeMethod beforeMethod" time="-1.663130388768E9">
    <skipped/>
  </testcase> <!-- @BeforeMethod beforeMethod -->
  <testcase classname="tempTestPack.TestNgTestClass" name="@AfterMethod clickOnLogoutButton" time="-1.663130388776E9">
    <skipped/>
  </testcase> <!-- @AfterMethod clickOnLogoutButton -->
  <testcase classname="tempTestPack.TestNgTestClass" name="@BeforeMethod beforeMethod" time="-1.663130388778E9">
    <skipped/>
  </testcase> <!-- @BeforeMethod beforeMethod -->
  <testcase classname="tempTestPack.TestNgTestClass" name="@AfterMethod clickOnLogoutButton" time="-1.663130388782E9">
    <skipped/>
  </testcase> <!-- @AfterMethod clickOnLogoutButton -->
  <testcase classname="tempTestPack.TestNgTestClass" name="@AfterClass cleanPOMObjects" time="-1.663130388783E9">
    <skipped/>
  </testcase> <!-- @AfterClass cleanPOMObjects -->
  <testcase classname="tempTestPack.TestNgTestClass" name="@AfterTest closedBrowser" time="-1.663130388787E9">
    <skipped/>
  </testcase> <!-- @AfterTest closedBrowser -->
  <testcase classname="tempTestPack.TestNgTestClass" name="buyShare" time="0.0">
    <skipped/>
  </testcase> <!-- buyShare -->
  <testcase classname="tempTestPack.TestNgTestClass" name="testMethod" time="0.0">
    <skipped/>
  </testcase> <!-- testMethod -->
</testsuite> <!-- Default test -->
